h:\repos\opengl3dpong\3d pong\x64\debug\vc140.pdb
h:\repos\opengl3dpong\3d pong\x64\debug\vc140.idb
h:\repos\opengl3dpong\3d pong\x64\debug\camera.obj
h:\repos\opengl3dpong\3d pong\x64\debug\line.obj
h:\repos\opengl3dpong\3d pong\x64\debug\main.obj
h:\repos\opengl3dpong\3d pong\x64\debug\menu.obj
h:\repos\opengl3dpong\3d pong\x64\debug\model.obj
h:\repos\opengl3dpong\3d pong\x64\debug\scenemanager.obj
h:\repos\opengl3dpong\3d pong\x64\debug\shaderloader.obj
h:\repos\opengl3dpong\3d pong\x64\debug\textlabel.obj
h:\repos\opengl3dpong\3d pong\x64\debug\utils.obj
h:\repos\opengl3dpong\x64\debug\3d pong.pdb
h:\repos\opengl3dpong\3d pong\x64\debug\3d pong.tlog\cl.command.1.tlog
h:\repos\opengl3dpong\3d pong\x64\debug\3d pong.tlog\cl.read.1.tlog
h:\repos\opengl3dpong\3d pong\x64\debug\3d pong.tlog\cl.write.1.tlog
h:\repos\opengl3dpong\3d pong\x64\debug\3d pong.tlog\link-cvtres.read.1.tlog
h:\repos\opengl3dpong\3d pong\x64\debug\3d pong.tlog\link-cvtres.write.1.tlog
h:\repos\opengl3dpong\3d pong\x64\debug\3d pong.tlog\link-rc.read.1.tlog
h:\repos\opengl3dpong\3d pong\x64\debug\3d pong.tlog\link-rc.write.1.tlog
h:\repos\opengl3dpong\3d pong\x64\debug\3d pong.tlog\link.command.1.tlog
h:\repos\opengl3dpong\3d pong\x64\debug\3d pong.tlog\link.read.1.tlog
h:\repos\opengl3dpong\3d pong\x64\debug\3d pong.tlog\link.write.1.tlog
