c:\users\charmaine\documents\visual studio 2015\projects\3d pong\3d pong\debug\vc140.pdb
c:\users\charmaine\documents\visual studio 2015\projects\3d pong\3d pong\debug\vc140.idb
c:\users\charmaine\documents\visual studio 2015\projects\3d pong\3d pong\debug\main.obj
c:\users\charmaine\documents\visual studio 2015\projects\3d pong\3d pong\debug\camera.obj
c:\users\charmaine\documents\visual studio 2015\projects\3d pong\3d pong\debug\model.obj
c:\users\charmaine\documents\visual studio 2015\projects\3d pong\3d pong\debug\shaderloader.obj
c:\users\charmaine\documents\visual studio 2015\projects\3d pong\3d pong\debug\utils.obj
c:\users\charmaine\documents\visual studio 2015\projects\3d pong\3d pong\debug\scenemanager.obj
c:\users\charmaine\documents\visual studio 2015\projects\3d pong\3d pong\debug\textlabel.obj
c:\users\charmaine\documents\visual studio 2015\projects\3d pong\3d pong\debug\menu.obj
c:\users\charmaine\documents\visual studio 2015\projects\3d pong\3d pong\debug\line.obj
c:\users\charmaine\documents\visual studio 2015\projects\3d pong\debug\3d pong.ilk
c:\users\charmaine\documents\visual studio 2015\projects\3d pong\debug\3d pong.exe
c:\users\charmaine\documents\visual studio 2015\projects\3d pong\debug\3d pong.pdb
c:\users\charmaine\documents\visual studio 2015\projects\3d pong\3d pong\debug\3d pong.tlog\cl.command.1.tlog
c:\users\charmaine\documents\visual studio 2015\projects\3d pong\3d pong\debug\3d pong.tlog\cl.read.1.tlog
c:\users\charmaine\documents\visual studio 2015\projects\3d pong\3d pong\debug\3d pong.tlog\cl.write.1.tlog
c:\users\charmaine\documents\visual studio 2015\projects\3d pong\3d pong\debug\3d pong.tlog\link.command.1.tlog
c:\users\charmaine\documents\visual studio 2015\projects\3d pong\3d pong\debug\3d pong.tlog\link.read.1.tlog
c:\users\charmaine\documents\visual studio 2015\projects\3d pong\3d pong\debug\3d pong.tlog\link.write.1.tlog
